Using pre-set license
Built from '2020.3/release' branch; Version is '2020.3.7f1 (dd97f2c94397) revision 14522354'; Using compiler version '192528614'; Build Type 'Release'
OS: 'Windows 10 Home Single Language; OS build 18362.959; Version 1903; 64bit' Language: 'en' Physical Memory: 3947 MB
BatchMode: 1, IsHumanControllingUs: 0, StartBugReporterOnCrash: 0, Is64bit: 1, IsPro: 0

 COMMAND LINE ARGUMENTS:
G:\Unity\Unity-2020.3.7f1\Unity\Editor\Unity.exe
-adb2
-batchMode
-noUpm
-name
AssetImportWorker5
-projectPath
G:/Unity/Create With Code/Basic-Principals-Of-OOP
-logFile
Logs/AssetImportWorker5.log
-srvPort
49717
Successfully changed project path to: G:/Unity/Create With Code/Basic-Principals-Of-OOP
G:/Unity/Create With Code/Basic-Principals-Of-OOP
Using Asset Import Pipeline V2.
Refreshing native plugins compatible for Editor in 26.71 ms, found 0 plugins.
Preloading 0 native plugins for Editor in 0.00 ms.
Initialize engine version: 2020.3.7f1 (dd97f2c94397)
[Subsystems] Discovering subsystems at path G:/Unity/Unity-2020.3.7f1/Unity/Editor/Data/Resources/UnitySubsystems
[Subsystems] Discovering subsystems at path G:/Unity/Create With Code/Basic-Principals-Of-OOP/Assets
GfxDevice: creating device client; threaded=0
Direct3D:
    Version:  Direct3D 11.0 [level 11.1]
    Renderer: NVIDIA GeForce MX230 (ID=0x1d11)
    Vendor:   
    VRAM:     1984 MB
    Driver:   27.21.14.6231
Initialize mono
Mono path[0] = 'G:/Unity/Unity-2020.3.7f1/Unity/Editor/Data/Managed'
Mono path[1] = 'G:/Unity/Unity-2020.3.7f1/Unity/Editor/Data/MonoBleedingEdge/lib/mono/unityjit'
Mono config path = 'G:/Unity/Unity-2020.3.7f1/Unity/Editor/Data/MonoBleedingEdge/etc'
Using monoOptions --debugger-agent=transport=dt_socket,embedding=1,server=y,suspend=n,address=127.0.0.1:56392
Begin MonoManager ReloadAssembly
Registering precompiled unity dll's ...
Register platform support module: G:/Unity/Unity-2020.3.7f1/Unity/Editor/Data/PlaybackEngines/WebGLSupport/UnityEditor.WebGL.Extensions.dll
Register platform support module: G:/Unity/Unity-2020.3.7f1/Unity/Editor/Data/PlaybackEngines/MacStandaloneSupport/UnityEditor.OSXStandalone.Extensions.dll
Register platform support module: G:/Unity/Unity-2020.3.7f1/Unity/Editor/Data/PlaybackEngines/WindowsStandaloneSupport/UnityEditor.WindowsStandalone.Extensions.dll
Register platform support module: G:/Unity/Unity-2020.3.7f1/Unity/Editor/Data/PlaybackEngines/LinuxStandaloneSupport/UnityEditor.LinuxStandalone.Extensions.dll
Register platform support module: G:/Unity/Unity-2020.3.7f1/Unity/Editor/Data/PlaybackEngines/LuminSupport/UnityEditor.Lumin.Extensions.dll
Registered in 0.004330 seconds.
Native extension for Lumin target not found
Native extension for LinuxStandalone target not found
Native extension for WindowsStandalone target not found
Native extension for OSXStandalone target not found
Native extension for WebGL target not found
Refreshing native plugins compatible for Editor in 26.95 ms, found 0 plugins.
Preloading 0 native plugins for Editor in 0.00 ms.
Mono: successfully reloaded assembly
- Completed reload, in  2.134 seconds
Platform modules already initialized, skipping
Registering precompiled user dll's ...
Registered in 0.001831 seconds.
Begin MonoManager ReloadAssembly
Native extension for Lumin target not found
Native extension for LinuxStandalone target not found
Native extension for WindowsStandalone target not found
Native extension for OSXStandalone target not found
Native extension for WebGL target not found
Refreshing native plugins compatible for Editor in 0.28 ms, found 0 plugins.
Preloading 0 native plugins for Editor in 0.00 ms.
Mono: successfully reloaded assembly
- Completed reload, in  2.605 seconds
Platform modules already initialized, skipping
========================================================================
Worker process is ready to serve import requests
Launched and connected shader compiler UnityShaderCompiler.exe after 0.40 seconds
Refreshing native plugins compatible for Editor in 0.67 ms, found 0 plugins.
Preloading 0 native plugins for Editor in 0.00 ms.
Unloading 1134 Unused Serialized files (Serialized files now loaded: 0)
System memory in use before: 61.4 MB.
System memory in use after: 61.5 MB.

Unloading 10 unused Assets to reduce memory usage. Loaded Objects now: 1580.
Total: 276.066900 ms (FindLiveObjects: 1.042400 ms CreateObjectMapping: 3.050800 ms MarkObjects: 241.260700 ms  DeleteObjects: 30.705400 ms)

========================================================================
Received Import Request.
  path: Assets/Prefabs/Boss.prefab
  artifactKey: Guid(62c6fb5d8fcab5d44ae7a73ef7bc0bc8) Importer(815301076,1909f56bfc062723c751e8b465ee728b)
Start importing Assets/Prefabs/Boss.prefab using Guid(62c6fb5d8fcab5d44ae7a73ef7bc0bc8) Importer(815301076,1909f56bfc062723c751e8b465ee728b)  -> (artifact id: 'fb5a6dfdc8bb2fbebccd7361d20e067b') in 0.965275 seconds
  Import took 1.031788 seconds .

========================================================================
Received Import Request.
  Time since last request: 0.000547 seconds.
  path: Assets/Prefabs/EnemyFast.prefab
  artifactKey: Guid(2a312226e067d60439d3b8ea41b63933) Importer(815301076,1909f56bfc062723c751e8b465ee728b)
Start importing Assets/Prefabs/EnemyFast.prefab using Guid(2a312226e067d60439d3b8ea41b63933) Importer(815301076,1909f56bfc062723c751e8b465ee728b)  -> (artifact id: '7c693f7ca6fde0e06558619845a34336') in 0.163425 seconds
  Import took 0.242284 seconds .

========================================================================
Received Import Request.
  Time since last request: 1.733642 seconds.
  path: Assets/Prefabs/EnemyFast.prefab
  artifactKey: Guid(2a312226e067d60439d3b8ea41b63933) Importer(815301076,1909f56bfc062723c751e8b465ee728b)
Start importing Assets/Prefabs/EnemyFast.prefab using Guid(2a312226e067d60439d3b8ea41b63933) Importer(815301076,1909f56bfc062723c751e8b465ee728b)  -> (artifact id: 'f4ea18120b32726ab82a710c3c6ee572') in 0.147163 seconds
  Import took 0.263726 seconds .

========================================================================
Received Prepare
Registering precompiled user dll's ...
Registered in 0.014553 seconds.
Begin MonoManager ReloadAssembly
Native extension for Lumin target not found
Native extension for LinuxStandalone target not found
Native extension for WindowsStandalone target not found
Native extension for OSXStandalone target not found
Native extension for WebGL target not found
Refreshing native plugins compatible for Editor in 0.25 ms, found 0 plugins.
Preloading 0 native plugins for Editor in 0.00 ms.
Mono: successfully reloaded assembly
- Completed reload, in  1.703 seconds
Platform modules already initialized, skipping
Refreshing native plugins compatible for Editor in 0.48 ms, found 0 plugins.
Preloading 0 native plugins for Editor in 0.00 ms.
Unloading 1116 Unused Serialized files (Serialized files now loaded: 0)
System memory in use before: 63.2 MB.
System memory in use after: 63.3 MB.

Unloading 5 unused Assets to reduce memory usage. Loaded Objects now: 1591.
Total: 3.059000 ms (FindLiveObjects: 0.181600 ms CreateObjectMapping: 0.052500 ms MarkObjects: 2.753800 ms  DeleteObjects: 0.069700 ms)

========================================================================
Received Prepare
Registering precompiled user dll's ...
Registered in 0.000509 seconds.
Begin MonoManager ReloadAssembly
Native extension for Lumin target not found
Native extension for LinuxStandalone target not found
Native extension for WindowsStandalone target not found
Native extension for OSXStandalone target not found
Native extension for WebGL target not found
Refreshing native plugins compatible for Editor in 0.75 ms, found 0 plugins.
Preloading 0 native plugins for Editor in 0.00 ms.
Mono: successfully reloaded assembly
- Completed reload, in  1.065 seconds
Platform modules already initialized, skipping
Refreshing native plugins compatible for Editor in 0.25 ms, found 0 plugins.
Preloading 0 native plugins for Editor in 0.00 ms.
Unloading 1116 Unused Serialized files (Serialized files now loaded: 0)
System memory in use before: 63.3 MB.
System memory in use after: 63.3 MB.

Unloading 5 unused Assets to reduce memory usage. Loaded Objects now: 1594.
Total: 4.995300 ms (FindLiveObjects: 0.172300 ms CreateObjectMapping: 0.045400 ms MarkObjects: 4.708600 ms  DeleteObjects: 0.067300 ms)

========================================================================
Received Prepare
Registering precompiled user dll's ...
Registered in 0.000723 seconds.
Begin MonoManager ReloadAssembly
Native extension for Lumin target not found
Native extension for LinuxStandalone target not found
Native extension for WindowsStandalone target not found
Native extension for OSXStandalone target not found
Native extension for WebGL target not found
Refreshing native plugins compatible for Editor in 0.39 ms, found 0 plugins.
Preloading 0 native plugins for Editor in 0.00 ms.
Mono: successfully reloaded assembly
- Completed reload, in  0.940 seconds
Platform modules already initialized, skipping
Refreshing native plugins compatible for Editor in 0.26 ms, found 0 plugins.
Preloading 0 native plugins for Editor in 0.00 ms.
Unloading 1116 Unused Serialized files (Serialized files now loaded: 0)
System memory in use before: 63.3 MB.
System memory in use after: 63.3 MB.

Unloading 5 unused Assets to reduce memory usage. Loaded Objects now: 1597.
Total: 3.626600 ms (FindLiveObjects: 0.175700 ms CreateObjectMapping: 0.047400 ms MarkObjects: 3.320300 ms  DeleteObjects: 0.082000 ms)

========================================================================
Received Prepare
Registering precompiled user dll's ...
Registered in 0.000483 seconds.
Begin MonoManager ReloadAssembly
Native extension for Lumin target not found
Native extension for LinuxStandalone target not found
Native extension for WindowsStandalone target not found
Native extension for OSXStandalone target not found
Native extension for WebGL target not found
Refreshing native plugins compatible for Editor in 0.52 ms, found 0 plugins.
Preloading 0 native plugins for Editor in 0.00 ms.
Mono: successfully reloaded assembly
- Completed reload, in 11.457 seconds
Platform modules already initialized, skipping
Refreshing native plugins compatible for Editor in 0.25 ms, found 0 plugins.
Preloading 0 native plugins for Editor in 0.00 ms.
Unloading 1116 Unused Serialized files (Serialized files now loaded: 0)
System memory in use before: 63.3 MB.
System memory in use after: 63.4 MB.

Unloading 5 unused Assets to reduce memory usage. Loaded Objects now: 1600.
Total: 2.014800 ms (FindLiveObjects: 0.170200 ms CreateObjectMapping: 0.061100 ms MarkObjects: 1.717300 ms  DeleteObjects: 0.064600 ms)

========================================================================
Received Prepare
Registering precompiled user dll's ...
Registered in 0.000539 seconds.
Begin MonoManager ReloadAssembly
Native extension for Lumin target not found
Native extension for LinuxStandalone target not found
Native extension for WindowsStandalone target not found
Native extension for OSXStandalone target not found
Native extension for WebGL target not found
Refreshing native plugins compatible for Editor in 0.23 ms, found 0 plugins.
Preloading 0 native plugins for Editor in 0.00 ms.
Mono: successfully reloaded assembly
- Completed reload, in  1.303 seconds
Platform modules already initialized, skipping
Refreshing native plugins compatible for Editor in 0.26 ms, found 0 plugins.
Preloading 0 native plugins for Editor in 0.00 ms.
Unloading 1116 Unused Serialized files (Serialized files now loaded: 0)
System memory in use before: 63.3 MB.
System memory in use after: 63.4 MB.

Unloading 5 unused Assets to reduce memory usage. Loaded Objects now: 1603.
Total: 11.660900 ms (FindLiveObjects: 5.097000 ms CreateObjectMapping: 0.049800 ms MarkObjects: 6.421600 ms  DeleteObjects: 0.090400 ms)

========================================================================
Received Import Request.
  Time since last request: 268.305138 seconds.
  path: Assets/Prefabs/EnemyFast.prefab
  artifactKey: Guid(2a312226e067d60439d3b8ea41b63933) Importer(815301076,1909f56bfc062723c751e8b465ee728b)
Start importing Assets/Prefabs/EnemyFast.prefab using Guid(2a312226e067d60439d3b8ea41b63933) Importer(815301076,1909f56bfc062723c751e8b465ee728b)  -> (artifact id: 'f1b3f14ec3b6bbecc384870f5cbc0f64') in 0.258048 seconds
  Import took 0.343738 seconds .

========================================================================
Received Import Request.
  Time since last request: 2.375377 seconds.
  path: Assets/Prefabs/Boss.prefab
  artifactKey: Guid(62c6fb5d8fcab5d44ae7a73ef7bc0bc8) Importer(815301076,1909f56bfc062723c751e8b465ee728b)
Start importing Assets/Prefabs/Boss.prefab using Guid(62c6fb5d8fcab5d44ae7a73ef7bc0bc8) Importer(815301076,1909f56bfc062723c751e8b465ee728b)  -> (artifact id: '38eb49ea8b58a0ce4632baaffda2f103') in 0.098847 seconds
  Import took 0.138189 seconds .

========================================================================
Received Prepare
Registering precompiled user dll's ...
Registered in 0.000826 seconds.
Begin MonoManager ReloadAssembly
Native extension for Lumin target not found
Native extension for LinuxStandalone target not found
Native extension for WindowsStandalone target not found
Native extension for OSXStandalone target not found
Native extension for WebGL target not found
Refreshing native plugins compatible for Editor in 0.26 ms, found 0 plugins.
Preloading 0 native plugins for Editor in 0.00 ms.
Mono: successfully reloaded assembly
- Completed reload, in  8.035 seconds
Platform modules already initialized, skipping
Refreshing native plugins compatible for Editor in 0.26 ms, found 0 plugins.
Preloading 0 native plugins for Editor in 0.00 ms.
Unloading 1116 Unused Serialized files (Serialized files now loaded: 0)
System memory in use before: 63.3 MB.
System memory in use after: 63.4 MB.

Unloading 5 unused Assets to reduce memory usage. Loaded Objects now: 1607.
Total: 2.810000 ms (FindLiveObjects: 0.176700 ms CreateObjectMapping: 0.046900 ms MarkObjects: 2.525600 ms  DeleteObjects: 0.059900 ms)

========================================================================
Received Import Request.
  Time since last request: 23.507854 seconds.
  path: Assets/Prefabs/Boss.prefab
  artifactKey: Guid(62c6fb5d8fcab5d44ae7a73ef7bc0bc8) Importer(815301076,1909f56bfc062723c751e8b465ee728b)
Start importing Assets/Prefabs/Boss.prefab using Guid(62c6fb5d8fcab5d44ae7a73ef7bc0bc8) Importer(815301076,1909f56bfc062723c751e8b465ee728b)  -> (artifact id: '4fcbd5e2647f38c82091708265f86e59') in 0.083944 seconds
  Import took 0.135512 seconds .

========================================================================
Received Prepare
Registering precompiled user dll's ...
Registered in 0.000863 seconds.
Begin MonoManager ReloadAssembly
Native extension for Lumin target not found
Native extension for LinuxStandalone target not found
Native extension for WindowsStandalone target not found
Native extension for OSXStandalone target not found
Native extension for WebGL target not found
Refreshing native plugins compatible for Editor in 0.25 ms, found 0 plugins.
Preloading 0 native plugins for Editor in 0.00 ms.
Mono: successfully reloaded assembly
- Completed reload, in  1.081 seconds
Platform modules already initialized, skipping
Refreshing native plugins compatible for Editor in 0.26 ms, found 0 plugins.
Preloading 0 native plugins for Editor in 0.00 ms.
Unloading 1116 Unused Serialized files (Serialized files now loaded: 0)
System memory in use before: 63.3 MB.
System memory in use after: 63.4 MB.

Unloading 5 unused Assets to reduce memory usage. Loaded Objects now: 1611.
Total: 2.685800 ms (FindLiveObjects: 0.162300 ms CreateObjectMapping: 0.043300 ms MarkObjects: 2.416600 ms  DeleteObjects: 0.062300 ms)

========================================================================
Received Import Request.
  Time since last request: 19.932259 seconds.
  path: Assets/Prefabs/Boss.prefab
  artifactKey: Guid(62c6fb5d8fcab5d44ae7a73ef7bc0bc8) Importer(815301076,1909f56bfc062723c751e8b465ee728b)
Start importing Assets/Prefabs/Boss.prefab using Guid(62c6fb5d8fcab5d44ae7a73ef7bc0bc8) Importer(815301076,1909f56bfc062723c751e8b465ee728b)  -> (artifact id: '29893a03a9adb7676d81716598a5b627') in 2.483794 seconds
  Import took 3.012596 seconds .

========================================================================
Received Prepare
Registering precompiled user dll's ...
Registered in 0.000536 seconds.
Begin MonoManager ReloadAssembly
Native extension for Lumin target not found
Native extension for LinuxStandalone target not found
Native extension for WindowsStandalone target not found
Native extension for OSXStandalone target not found
Native extension for WebGL target not found
Refreshing native plugins compatible for Editor in 0.25 ms, found 0 plugins.
Preloading 0 native plugins for Editor in 0.00 ms.
Mono: successfully reloaded assembly
- Completed reload, in  1.036 seconds
Platform modules already initialized, skipping
Refreshing native plugins compatible for Editor in 0.31 ms, found 0 plugins.
Preloading 0 native plugins for Editor in 0.00 ms.
Unloading 1116 Unused Serialized files (Serialized files now loaded: 0)
System memory in use before: 63.3 MB.
System memory in use after: 63.4 MB.

Unloading 5 unused Assets to reduce memory usage. Loaded Objects now: 1615.
Total: 1.855800 ms (FindLiveObjects: 0.174100 ms CreateObjectMapping: 0.045700 ms MarkObjects: 1.575500 ms  DeleteObjects: 0.059200 ms)

========================================================================
Received Import Request.
  Time since last request: 14.185940 seconds.
  path: Assets/Prefabs/Boss.prefab
  artifactKey: Guid(62c6fb5d8fcab5d44ae7a73ef7bc0bc8) Importer(815301076,1909f56bfc062723c751e8b465ee728b)
Start importing Assets/Prefabs/Boss.prefab using Guid(62c6fb5d8fcab5d44ae7a73ef7bc0bc8) Importer(815301076,1909f56bfc062723c751e8b465ee728b)  -> (artifact id: '53bd45a90b92085894797550203f6688') in 0.083605 seconds
  Import took 0.086896 seconds .

========================================================================
Received Prepare
Registering precompiled user dll's ...
Registered in 0.000644 seconds.
Begin MonoManager ReloadAssembly
Native extension for Lumin target not found
Native extension for LinuxStandalone target not found
Native extension for WindowsStandalone target not found
Native extension for OSXStandalone target not found
Native extension for WebGL target not found
Refreshing native plugins compatible for Editor in 0.26 ms, found 0 plugins.
Preloading 0 native plugins for Editor in 0.00 ms.
Mono: successfully reloaded assembly
- Completed reload, in  1.137 seconds
Platform modules already initialized, skipping
Refreshing native plugins compatible for Editor in 0.65 ms, found 0 plugins.
Preloading 0 native plugins for Editor in 0.00 ms.
Unloading 1116 Unused Serialized files (Serialized files now loaded: 0)
System memory in use before: 63.3 MB.
System memory in use after: 63.4 MB.

Unloading 5 unused Assets to reduce memory usage. Loaded Objects now: 1619.
Total: 67.708000 ms (FindLiveObjects: 7.125200 ms CreateObjectMapping: 0.103100 ms MarkObjects: 54.048200 ms  DeleteObjects: 6.428100 ms)

========================================================================
Received Import Request.
  Time since last request: 27.124433 seconds.
  path: Assets/Prefabs/Boss.prefab
  artifactKey: Guid(62c6fb5d8fcab5d44ae7a73ef7bc0bc8) Importer(815301076,1909f56bfc062723c751e8b465ee728b)
Start importing Assets/Prefabs/Boss.prefab using Guid(62c6fb5d8fcab5d44ae7a73ef7bc0bc8) Importer(815301076,1909f56bfc062723c751e8b465ee728b)  -> (artifact id: '31479fb101a84c958eb5918bae7a41a1') in 1.057377 seconds
  Import took 1.161750 seconds .

========================================================================
Received Prepare
Registering precompiled user dll's ...
Registered in 0.000940 seconds.
Begin MonoManager ReloadAssembly
Native extension for Lumin target not found
Native extension for LinuxStandalone target not found
Native extension for WindowsStandalone target not found
Native extension for OSXStandalone target not found
Native extension for WebGL target not found
Refreshing native plugins compatible for Editor in 0.25 ms, found 0 plugins.
Preloading 0 native plugins for Editor in 0.00 ms.
Mono: successfully reloaded assembly
- Completed reload, in  4.338 seconds
Platform modules already initialized, skipping
Refreshing native plugins compatible for Editor in 0.29 ms, found 0 plugins.
Preloading 0 native plugins for Editor in 0.00 ms.
Unloading 1116 Unused Serialized files (Serialized files now loaded: 0)
System memory in use before: 63.4 MB.
System memory in use after: 63.4 MB.

Unloading 5 unused Assets to reduce memory usage. Loaded Objects now: 1623.
Total: 124.767500 ms (FindLiveObjects: 0.499900 ms CreateObjectMapping: 0.166300 ms MarkObjects: 116.474600 ms  DeleteObjects: 7.623200 ms)

========================================================================
Received Import Request.
  Time since last request: 59.637366 seconds.
  path: Assets/Prefabs/EnemyFast.prefab
  artifactKey: Guid(2a312226e067d60439d3b8ea41b63933) Importer(815301076,1909f56bfc062723c751e8b465ee728b)
Start importing Assets/Prefabs/EnemyFast.prefab using Guid(2a312226e067d60439d3b8ea41b63933) Importer(815301076,1909f56bfc062723c751e8b465ee728b)  -> (artifact id: '672ce77a44e8e468161b2c320617eed9') in 0.753430 seconds
  Import took 0.846892 seconds .

========================================================================
Received Prepare
Registering precompiled user dll's ...
Registered in 0.000578 seconds.
Begin MonoManager ReloadAssembly
Native extension for Lumin target not found
Native extension for LinuxStandalone target not found
Native extension for WindowsStandalone target not found
Native extension for OSXStandalone target not found
Native extension for WebGL target not found
Refreshing native plugins compatible for Editor in 0.41 ms, found 0 plugins.
Preloading 0 native plugins for Editor in 0.00 ms.
Mono: successfully reloaded assembly
- Completed reload, in  1.127 seconds
Platform modules already initialized, skipping
Refreshing native plugins compatible for Editor in 1.44 ms, found 0 plugins.
Preloading 0 native plugins for Editor in 0.00 ms.
Unloading 1116 Unused Serialized files (Serialized files now loaded: 0)
System memory in use before: 63.4 MB.
System memory in use after: 63.4 MB.

Unloading 5 unused Assets to reduce memory usage. Loaded Objects now: 1627.
Total: 53.924700 ms (FindLiveObjects: 6.441800 ms CreateObjectMapping: 0.056200 ms MarkObjects: 47.222800 ms  DeleteObjects: 0.201700 ms)

========================================================================
Received Import Request.
  Time since last request: 13.830967 seconds.
  path: Assets/Prefabs/EnemyFast.prefab
  artifactKey: Guid(2a312226e067d60439d3b8ea41b63933) Importer(815301076,1909f56bfc062723c751e8b465ee728b)
Start importing Assets/Prefabs/EnemyFast.prefab using Guid(2a312226e067d60439d3b8ea41b63933) Importer(815301076,1909f56bfc062723c751e8b465ee728b)  -> (artifact id: '0c5d88ffadd37276f41fde59acff587a') in 1.153974 seconds
  Import took 1.270282 seconds .

========================================================================
Received Prepare
Registering precompiled user dll's ...
Registered in 0.000839 seconds.
Begin MonoManager ReloadAssembly
Native extension for Lumin target not found
Native extension for LinuxStandalone target not found
Native extension for WindowsStandalone target not found
Native extension for OSXStandalone target not found
Native extension for WebGL target not found
Refreshing native plugins compatible for Editor in 0.25 ms, found 0 plugins.
Preloading 0 native plugins for Editor in 0.00 ms.
Mono: successfully reloaded assembly
- Completed reload, in  1.088 seconds
Platform modules already initialized, skipping
Refreshing native plugins compatible for Editor in 0.27 ms, found 0 plugins.
Preloading 0 native plugins for Editor in 0.00 ms.
Unloading 1116 Unused Serialized files (Serialized files now loaded: 0)
System memory in use before: 63.4 MB.
System memory in use after: 63.5 MB.

Unloading 5 unused Assets to reduce memory usage. Loaded Objects now: 1631.
Total: 80.972900 ms (FindLiveObjects: 23.176000 ms CreateObjectMapping: 0.052400 ms MarkObjects: 57.667600 ms  DeleteObjects: 0.072500 ms)

========================================================================
Received Import Request.
  Time since last request: 51.989483 seconds.
  path: Assets/Prefabs/EnemyFast.prefab
  artifactKey: Guid(2a312226e067d60439d3b8ea41b63933) Importer(815301076,1909f56bfc062723c751e8b465ee728b)
Start importing Assets/Prefabs/EnemyFast.prefab using Guid(2a312226e067d60439d3b8ea41b63933) Importer(815301076,1909f56bfc062723c751e8b465ee728b)  -> (artifact id: '697c34e9a5a87137b5a5d33e6d29f24c') in 0.870421 seconds
  Import took 0.949308 seconds .

========================================================================
Received Prepare
Registering precompiled user dll's ...
Registered in 0.029309 seconds.
Begin MonoManager ReloadAssembly
Native extension for Lumin target not found
Native extension for LinuxStandalone target not found
Native extension for WindowsStandalone target not found
Native extension for OSXStandalone target not found
Native extension for WebGL target not found
Refreshing native plugins compatible for Editor in 0.25 ms, found 0 plugins.
Preloading 0 native plugins for Editor in 0.00 ms.
Mono: successfully reloaded assembly
- Completed reload, in  1.638 seconds
Platform modules already initialized, skipping
Refreshing native plugins compatible for Editor in 0.46 ms, found 0 plugins.
Preloading 0 native plugins for Editor in 0.00 ms.
Unloading 1116 Unused Serialized files (Serialized files now loaded: 0)
System memory in use before: 63.4 MB.
System memory in use after: 63.5 MB.

Unloading 5 unused Assets to reduce memory usage. Loaded Objects now: 1635.
Total: 2.209900 ms (FindLiveObjects: 0.185900 ms CreateObjectMapping: 0.051500 ms MarkObjects: 1.855900 ms  DeleteObjects: 0.115000 ms)

========================================================================
Received Prepare
Registering precompiled user dll's ...
Registered in 0.000557 seconds.
Begin MonoManager ReloadAssembly
Native extension for Lumin target not found
Native extension for LinuxStandalone target not found
Native extension for WindowsStandalone target not found
Native extension for OSXStandalone target not found
Native extension for WebGL target not found
Refreshing native plugins compatible for Editor in 0.39 ms, found 0 plugins.
Preloading 0 native plugins for Editor in 0.00 ms.
Mono: successfully reloaded assembly
- Completed reload, in  1.170 seconds
Platform modules already initialized, skipping
Refreshing native plugins compatible for Editor in 0.25 ms, found 0 plugins.
Preloading 0 native plugins for Editor in 0.00 ms.
Unloading 1116 Unused Serialized files (Serialized files now loaded: 0)
System memory in use before: 63.4 MB.
System memory in use after: 63.5 MB.

Unloading 5 unused Assets to reduce memory usage. Loaded Objects now: 1638.
Total: 3.469700 ms (FindLiveObjects: 0.183500 ms CreateObjectMapping: 0.047800 ms MarkObjects: 3.169700 ms  DeleteObjects: 0.066600 ms)

========================================================================
Received Import Request.
  Time since last request: 328.179208 seconds.
  path: Assets/Physic Materials/Bouncy.physicMaterial
  artifactKey: Guid(cb3d302685c7cca4abf50589d097ab8b) Importer(815301076,1909f56bfc062723c751e8b465ee728b)
Start importing Assets/Physic Materials/Bouncy.physicMaterial using Guid(cb3d302685c7cca4abf50589d097ab8b) Importer(815301076,1909f56bfc062723c751e8b465ee728b)  -> (artifact id: 'bd4c9876cabe446b79d3c55eaaf54366') in 0.169659 seconds
  Import took 0.190123 seconds .

========================================================================
Received Prepare
Registering precompiled user dll's ...
Registered in 0.000647 seconds.
Begin MonoManager ReloadAssembly
Native extension for Lumin target not found
Native extension for LinuxStandalone target not found
Native extension for WindowsStandalone target not found
Native extension for OSXStandalone target not found
Native extension for WebGL target not found
Refreshing native plugins compatible for Editor in 0.45 ms, found 0 plugins.
Preloading 0 native plugins for Editor in 0.00 ms.
Mono: successfully reloaded assembly
- Completed reload, in 10.506 seconds
Platform modules already initialized, skipping
Refreshing native plugins compatible for Editor in 0.25 ms, found 0 plugins.
Preloading 0 native plugins for Editor in 0.00 ms.
Unloading 1116 Unused Serialized files (Serialized files now loaded: 0)
System memory in use before: 63.4 MB.
System memory in use after: 63.5 MB.

Unloading 5 unused Assets to reduce memory usage. Loaded Objects now: 1641.
Total: 3.544200 ms (FindLiveObjects: 1.675900 ms CreateObjectMapping: 0.119900 ms MarkObjects: 1.660800 ms  DeleteObjects: 0.086500 ms)

========================================================================
Received Prepare
Registering precompiled user dll's ...
Registered in 0.003273 seconds.
Begin MonoManager ReloadAssembly
Native extension for Lumin target not found
Native extension for LinuxStandalone target not found
Native extension for WindowsStandalone target not found
Native extension for OSXStandalone target not found
Native extension for WebGL target not found
Refreshing native plugins compatible for Editor in 0.68 ms, found 0 plugins.
Preloading 0 native plugins for Editor in 0.00 ms.
Mono: successfully reloaded assembly
- Completed reload, in  4.639 seconds
Platform modules already initialized, skipping
Refreshing native plugins compatible for Editor in 4.74 ms, found 0 plugins.
Preloading 0 native plugins for Editor in 0.00 ms.
Unloading 1116 Unused Serialized files (Serialized files now loaded: 0)
System memory in use before: 63.4 MB.
System memory in use after: 63.5 MB.

Unloading 5 unused Assets to reduce memory usage. Loaded Objects now: 1644.
Total: 15.038400 ms (FindLiveObjects: 0.670800 ms CreateObjectMapping: 0.198500 ms MarkObjects: 14.098600 ms  DeleteObjects: 0.068800 ms)

========================================================================
Received Import Request.
  Time since last request: 56.288045 seconds.
  path: Assets/Prefabs/EnemyFast.prefab
  artifactKey: Guid(2a312226e067d60439d3b8ea41b63933) Importer(815301076,1909f56bfc062723c751e8b465ee728b)
Start importing Assets/Prefabs/EnemyFast.prefab using Guid(2a312226e067d60439d3b8ea41b63933) Importer(815301076,1909f56bfc062723c751e8b465ee728b)  -> (artifact id: '16fe19dfdea61ad4abff2676ce3ab2b5') in 1.061192 seconds
  Import took 1.152429 seconds .

========================================================================
Received Prepare
Registering precompiled user dll's ...
Registered in 0.000548 seconds.
Begin MonoManager ReloadAssembly
Native extension for Lumin target not found
Native extension for LinuxStandalone target not found
Native extension for WindowsStandalone target not found
Native extension for OSXStandalone target not found
Native extension for WebGL target not found
Refreshing native plugins compatible for Editor in 0.26 ms, found 0 plugins.
Preloading 0 native plugins for Editor in 0.00 ms.
Mono: successfully reloaded assembly
- Completed reload, in  1.637 seconds
Platform modules already initialized, skipping
Refreshing native plugins compatible for Editor in 0.27 ms, found 0 plugins.
Preloading 0 native plugins for Editor in 0.00 ms.
Unloading 1116 Unused Serialized files (Serialized files now loaded: 0)
System memory in use before: 63.4 MB.
System memory in use after: 63.5 MB.

Unloading 5 unused Assets to reduce memory usage. Loaded Objects now: 1648.
Total: 2.357700 ms (FindLiveObjects: 0.200900 ms CreateObjectMapping: 0.050900 ms MarkObjects: 2.038400 ms  DeleteObjects: 0.065900 ms)

========================================================================
Received Import Request.
  Time since last request: 33.912485 seconds.
  path: Assets/Scenes/Menu.unity
  artifactKey: Guid(b7d06fd0308be1648a3baa4e4c8dabf6) Importer(815301076,1909f56bfc062723c751e8b465ee728b)
Start importing Assets/Scenes/Menu.unity using Guid(b7d06fd0308be1648a3baa4e4c8dabf6) Importer(815301076,1909f56bfc062723c751e8b465ee728b)  -> (artifact id: '5e5275c3b0e4aa8a436fe98f9ecaa740') in 0.564463 seconds
  Import took 0.904900 seconds .

