Using pre-set license
Built from '2020.3/release' branch; Version is '2020.3.7f1 (dd97f2c94397) revision 14522354'; Using compiler version '192528614'; Build Type 'Release'
OS: 'Windows 10 Home Single Language; OS build 18362.959; Version 1903; 64bit' Language: 'en' Physical Memory: 3947 MB
BatchMode: 1, IsHumanControllingUs: 0, StartBugReporterOnCrash: 0, Is64bit: 1, IsPro: 0

 COMMAND LINE ARGUMENTS:
G:\Unity\Unity-2020.3.7f1\Unity\Editor\Unity.exe
-adb2
-batchMode
-noUpm
-name
AssetImportWorker0
-projectPath
G:/Unity/Create With Code/Basic-Principals-Of-OOP
-logFile
Logs/AssetImportWorker0.log
-srvPort
49717
Successfully changed project path to: G:/Unity/Create With Code/Basic-Principals-Of-OOP
G:/Unity/Create With Code/Basic-Principals-Of-OOP
Using Asset Import Pipeline V2.
Refreshing native plugins compatible for Editor in 48.57 ms, found 0 plugins.
Preloading 0 native plugins for Editor in 0.00 ms.
Initialize engine version: 2020.3.7f1 (dd97f2c94397)
[Subsystems] Discovering subsystems at path G:/Unity/Unity-2020.3.7f1/Unity/Editor/Data/Resources/UnitySubsystems
[Subsystems] Discovering subsystems at path G:/Unity/Create With Code/Basic-Principals-Of-OOP/Assets
GfxDevice: creating device client; threaded=0
Direct3D:
    Version:  Direct3D 11.0 [level 11.1]
    Renderer: NVIDIA GeForce MX230 (ID=0x1d11)
    Vendor:   
    VRAM:     1984 MB
    Driver:   27.21.14.6231
Initialize mono
Mono path[0] = 'G:/Unity/Unity-2020.3.7f1/Unity/Editor/Data/Managed'
Mono path[1] = 'G:/Unity/Unity-2020.3.7f1/Unity/Editor/Data/MonoBleedingEdge/lib/mono/unityjit'
Mono config path = 'G:/Unity/Unity-2020.3.7f1/Unity/Editor/Data/MonoBleedingEdge/etc'
Using monoOptions --debugger-agent=transport=dt_socket,embedding=1,server=y,suspend=n,address=127.0.0.1:56320
Begin MonoManager ReloadAssembly
Registering precompiled unity dll's ...
Register platform support module: G:/Unity/Unity-2020.3.7f1/Unity/Editor/Data/PlaybackEngines/WebGLSupport/UnityEditor.WebGL.Extensions.dll
Register platform support module: G:/Unity/Unity-2020.3.7f1/Unity/Editor/Data/PlaybackEngines/MacStandaloneSupport/UnityEditor.OSXStandalone.Extensions.dll
Register platform support module: G:/Unity/Unity-2020.3.7f1/Unity/Editor/Data/PlaybackEngines/WindowsStandaloneSupport/UnityEditor.WindowsStandalone.Extensions.dll
Register platform support module: G:/Unity/Unity-2020.3.7f1/Unity/Editor/Data/PlaybackEngines/LinuxStandaloneSupport/UnityEditor.LinuxStandalone.Extensions.dll
Register platform support module: G:/Unity/Unity-2020.3.7f1/Unity/Editor/Data/PlaybackEngines/LuminSupport/UnityEditor.Lumin.Extensions.dll
Registered in 0.001730 seconds.
Native extension for Lumin target not found
Native extension for LinuxStandalone target not found
Native extension for WindowsStandalone target not found
Native extension for OSXStandalone target not found
Native extension for WebGL target not found
Refreshing native plugins compatible for Editor in 32.67 ms, found 0 plugins.
Preloading 0 native plugins for Editor in 0.00 ms.
Mono: successfully reloaded assembly
- Completed reload, in  1.853 seconds
Platform modules already initialized, skipping
Registering precompiled user dll's ...
Registered in 0.000754 seconds.
Begin MonoManager ReloadAssembly
Native extension for Lumin target not found
Native extension for LinuxStandalone target not found
Native extension for WindowsStandalone target not found
Native extension for OSXStandalone target not found
Native extension for WebGL target not found
Refreshing native plugins compatible for Editor in 0.25 ms, found 0 plugins.
Preloading 0 native plugins for Editor in 0.00 ms.
Mono: successfully reloaded assembly
- Completed reload, in  1.165 seconds
Platform modules already initialized, skipping
========================================================================
Worker process is ready to serve import requests
Launched and connected shader compiler UnityShaderCompiler.exe after 0.22 seconds
Refreshing native plugins compatible for Editor in 0.25 ms, found 0 plugins.
Preloading 0 native plugins for Editor in 0.00 ms.
Unloading 1132 Unused Serialized files (Serialized files now loaded: 0)
System memory in use before: 60.4 MB.
System memory in use after: 60.5 MB.

Unloading 10 unused Assets to reduce memory usage. Loaded Objects now: 1578.
Total: 2.616800 ms (FindLiveObjects: 0.160100 ms CreateObjectMapping: 0.045600 ms MarkObjects: 2.317800 ms  DeleteObjects: 0.092300 ms)

========================================================================
Received Import Request.
  path: Assets/Prefabs/Boss.prefab
  artifactKey: Guid(62c6fb5d8fcab5d44ae7a73ef7bc0bc8) Importer(815301076,1909f56bfc062723c751e8b465ee728b)
Start importing Assets/Prefabs/Boss.prefab using Guid(62c6fb5d8fcab5d44ae7a73ef7bc0bc8) Importer(815301076,1909f56bfc062723c751e8b465ee728b)  -> (artifact id: '1b532dce754cb483faac1ab859363d35') in 0.583780 seconds
  Import took 0.619613 seconds .

========================================================================
Received Import Request.
  Time since last request: 1.145386 seconds.
  path: Assets/Prefabs/Enemy.prefab
  artifactKey: Guid(83f2263a1c852a54d96fcee5da26504d) Importer(815301076,1909f56bfc062723c751e8b465ee728b)
Start importing Assets/Prefabs/Enemy.prefab using Guid(83f2263a1c852a54d96fcee5da26504d) Importer(815301076,1909f56bfc062723c751e8b465ee728b)  -> (artifact id: '043c5da3517ecbb283f1910f1a9378b9') in 0.027095 seconds
  Import took 0.058806 seconds .

========================================================================
Received Import Request.
  Time since last request: 2.866230 seconds.
  path: Assets/Prefabs/EnemyFast.prefab
  artifactKey: Guid(2a312226e067d60439d3b8ea41b63933) Importer(815301076,1909f56bfc062723c751e8b465ee728b)
Start importing Assets/Prefabs/EnemyFast.prefab using Guid(2a312226e067d60439d3b8ea41b63933) Importer(815301076,1909f56bfc062723c751e8b465ee728b)  -> (artifact id: 'e89b35a4a698c384055606a2a15be34f') in 0.162363 seconds
  Import took 0.165182 seconds .

========================================================================
Received Prepare
Registering precompiled user dll's ...
Registered in 0.877705 seconds.
Begin MonoManager ReloadAssembly
Native extension for Lumin target not found
Native extension for LinuxStandalone target not found
Native extension for WindowsStandalone target not found
Native extension for OSXStandalone target not found
Native extension for WebGL target not found
Refreshing native plugins compatible for Editor in 0.25 ms, found 0 plugins.
Preloading 0 native plugins for Editor in 0.00 ms.
Mono: successfully reloaded assembly
- Completed reload, in  0.899 seconds
Platform modules already initialized, skipping
Refreshing native plugins compatible for Editor in 0.25 ms, found 0 plugins.
Preloading 0 native plugins for Editor in 0.00 ms.
Unloading 1115 Unused Serialized files (Serialized files now loaded: 0)
System memory in use before: 62.3 MB.
System memory in use after: 62.3 MB.

Unloading 5 unused Assets to reduce memory usage. Loaded Objects now: 1590.
Total: 2.102200 ms (FindLiveObjects: 0.155300 ms CreateObjectMapping: 0.038800 ms MarkObjects: 1.833000 ms  DeleteObjects: 0.073900 ms)

========================================================================
Received Import Request.
  Time since last request: 54.898467 seconds.
  path: Assets/Prefabs/EnemyFast.prefab
  artifactKey: Guid(2a312226e067d60439d3b8ea41b63933) Importer(815301076,1909f56bfc062723c751e8b465ee728b)
Start importing Assets/Prefabs/EnemyFast.prefab using Guid(2a312226e067d60439d3b8ea41b63933) Importer(815301076,1909f56bfc062723c751e8b465ee728b)  -> (artifact id: 'd3e06ff7522ce9452db2e1eaac333fc3') in 1.964404 seconds
  Import took 2.000700 seconds .

========================================================================
Received Import Request.
  Time since last request: 8.863729 seconds.
  path: Assets/Prefabs/EnemyFast.prefab
  artifactKey: Guid(2a312226e067d60439d3b8ea41b63933) Importer(815301076,1909f56bfc062723c751e8b465ee728b)
Start importing Assets/Prefabs/EnemyFast.prefab using Guid(2a312226e067d60439d3b8ea41b63933) Importer(815301076,1909f56bfc062723c751e8b465ee728b)  -> (artifact id: '79113e62ca294dcc8333dfd82d1f3b0b') in 0.051000 seconds
  Import took 0.130528 seconds .

========================================================================
Received Import Request.
  Time since last request: 11.176808 seconds.
  path: Assets/Prefabs/Boss.prefab
  artifactKey: Guid(62c6fb5d8fcab5d44ae7a73ef7bc0bc8) Importer(815301076,1909f56bfc062723c751e8b465ee728b)
Start importing Assets/Prefabs/Boss.prefab using Guid(62c6fb5d8fcab5d44ae7a73ef7bc0bc8) Importer(815301076,1909f56bfc062723c751e8b465ee728b)  -> (artifact id: '265fbe49f0234cbda988dc43426b559e') in 0.038105 seconds
  Import took 0.108348 seconds .

========================================================================
Received Import Request.
  Time since last request: 3.543126 seconds.
  path: Assets/Prefabs/Boss.prefab
  artifactKey: Guid(62c6fb5d8fcab5d44ae7a73ef7bc0bc8) Importer(815301076,1909f56bfc062723c751e8b465ee728b)
Start importing Assets/Prefabs/Boss.prefab using Guid(62c6fb5d8fcab5d44ae7a73ef7bc0bc8) Importer(815301076,1909f56bfc062723c751e8b465ee728b)  -> (artifact id: '85d74b57587e4e87d9e83cd9b1c91d78') in 0.074307 seconds
  Import took 0.108262 seconds .

========================================================================
Received Prepare
Registering precompiled user dll's ...
Registered in 0.000650 seconds.
Begin MonoManager ReloadAssembly
Native extension for Lumin target not found
Native extension for LinuxStandalone target not found
Native extension for WindowsStandalone target not found
Native extension for OSXStandalone target not found
Native extension for WebGL target not found
Refreshing native plugins compatible for Editor in 0.25 ms, found 0 plugins.
Preloading 0 native plugins for Editor in 0.00 ms.
Mono: successfully reloaded assembly
- Completed reload, in  1.638 seconds
Platform modules already initialized, skipping
Refreshing native plugins compatible for Editor in 0.26 ms, found 0 plugins.
Preloading 0 native plugins for Editor in 0.00 ms.
Unloading 1116 Unused Serialized files (Serialized files now loaded: 0)
System memory in use before: 62.3 MB.
System memory in use after: 62.4 MB.

Unloading 5 unused Assets to reduce memory usage. Loaded Objects now: 1595.
Total: 1.955600 ms (FindLiveObjects: 0.157700 ms CreateObjectMapping: 0.039900 ms MarkObjects: 1.699600 ms  DeleteObjects: 0.057000 ms)

========================================================================
Received Prepare
Registering precompiled user dll's ...
Registered in 0.000509 seconds.
Begin MonoManager ReloadAssembly
Native extension for Lumin target not found
Native extension for LinuxStandalone target not found
Native extension for WindowsStandalone target not found
Native extension for OSXStandalone target not found
Native extension for WebGL target not found
Refreshing native plugins compatible for Editor in 0.25 ms, found 0 plugins.
Preloading 0 native plugins for Editor in 0.00 ms.
Mono: successfully reloaded assembly
- Completed reload, in  4.755 seconds
Platform modules already initialized, skipping
Refreshing native plugins compatible for Editor in 0.25 ms, found 0 plugins.
Preloading 0 native plugins for Editor in 0.00 ms.
Unloading 1116 Unused Serialized files (Serialized files now loaded: 0)
System memory in use before: 62.3 MB.
System memory in use after: 62.4 MB.

Unloading 5 unused Assets to reduce memory usage. Loaded Objects now: 1598.
Total: 1.990800 ms (FindLiveObjects: 0.165300 ms CreateObjectMapping: 0.044100 ms MarkObjects: 1.720700 ms  DeleteObjects: 0.059400 ms)

========================================================================
Received Prepare
Registering precompiled user dll's ...
Registered in 0.000612 seconds.
Begin MonoManager ReloadAssembly
Native extension for Lumin target not found
Native extension for LinuxStandalone target not found
Native extension for WindowsStandalone target not found
Native extension for OSXStandalone target not found
Native extension for WebGL target not found
Refreshing native plugins compatible for Editor in 0.28 ms, found 0 plugins.
Preloading 0 native plugins for Editor in 0.00 ms.
Mono: successfully reloaded assembly
- Completed reload, in  1.169 seconds
Platform modules already initialized, skipping
Refreshing native plugins compatible for Editor in 0.26 ms, found 0 plugins.
Preloading 0 native plugins for Editor in 0.00 ms.
Unloading 1116 Unused Serialized files (Serialized files now loaded: 0)
System memory in use before: 62.3 MB.
System memory in use after: 62.4 MB.

Unloading 5 unused Assets to reduce memory usage. Loaded Objects now: 1601.
Total: 2.050000 ms (FindLiveObjects: 0.162900 ms CreateObjectMapping: 0.059000 ms MarkObjects: 1.774100 ms  DeleteObjects: 0.052700 ms)

========================================================================
Received Import Request.
  Time since last request: 35.938824 seconds.
  path: Assets/Scripts
  artifactKey: Guid(b45f8f8f81ecb314a87d97bb7905ac11) Importer(815301076,1909f56bfc062723c751e8b465ee728b)
Start importing Assets/Scripts using Guid(b45f8f8f81ecb314a87d97bb7905ac11) Importer(815301076,1909f56bfc062723c751e8b465ee728b)  -> (artifact id: 'e5b046ed719355b231fba7d247858000') in 0.019193 seconds
  Import took 0.109444 seconds .

========================================================================
Received Import Request.
  Time since last request: 12.687747 seconds.
  path: Assets/Scripts/EnemyBoss.cs
  artifactKey: Guid(f57cce07876fb1546b5435bdca8fa056) Importer(815301076,1909f56bfc062723c751e8b465ee728b)
Start importing Assets/Scripts/EnemyBoss.cs using Guid(f57cce07876fb1546b5435bdca8fa056) Importer(815301076,1909f56bfc062723c751e8b465ee728b)  -> (artifact id: 'c3f3d3f4845043be09d12f863ebff4d2') in 0.108115 seconds
  Import took 0.200223 seconds .

